[debug] [2025-04-02T02:43:47.256Z] ----------------------------------------------------------------------
[debug] [2025-04-02T02:43:47.258Z] Command:       C:\Program Files\nodejs\node.exe C:\Users\User\AppData\Roaming\npm\node_modules\firebase-tools\lib\bin\firebase.js init
[debug] [2025-04-02T02:43:47.259Z] CLI Version:   14.0.1
[debug] [2025-04-02T02:43:47.259Z] Platform:      win32
[debug] [2025-04-02T02:43:47.259Z] Node Version:  v22.14.0
[debug] [2025-04-02T02:43:47.259Z] Time:          Wed Apr 02 2025 09:43:47 GMT+0700 (Indochina Time)
[debug] [2025-04-02T02:43:47.259Z] ----------------------------------------------------------------------
[debug] 
[debug] [2025-04-02T02:43:47.265Z] > command requires scopes: ["email","openid","https://www.googleapis.com/auth/cloudplatformprojects.readonly","https://www.googleapis.com/auth/firebase","https://www.googleapis.com/auth/cloud-platform"]
[debug] [2025-04-02T02:43:47.265Z] > authorizing via signed-in user (s6404062663215@email.kmutnb.ac.th)
[info] 
     ######## #### ########  ######## ########     ###     ######  ########
     ##        ##  ##     ## ##       ##     ##  ##   ##  ##       ##
     ######    ##  ########  ######   ########  #########  ######  ######
     ##        ##  ##    ##  ##       ##     ## ##     ##       ## ##
     ##       #### ##     ## ######## ########  ##     ##  ######  ########

You're about to initialize a Firebase project in this directory:

  C:\Users\User\OneDrive - kmutnb.ac.th\Documents\WebMirrorFoundation\donation-center

[info] 
=== Project Setup
[info] 
[info] First, let's associate this project directory with a Firebase project.
[info] You can create multiple project aliases by running firebase use --add, 
[info] but for now we'll just set up a default project.
[info] 
[debug] [2025-04-02T02:43:58.698Z] Checked if tokens are valid: true, expires at: 1743565046033
[debug] [2025-04-02T02:43:58.699Z] Checked if tokens are valid: true, expires at: 1743565046033
[debug] [2025-04-02T02:43:58.699Z] >>> [apiv2][query] GET https://firebase.googleapis.com/v1beta1/projects pageSize=100
[debug] [2025-04-02T02:43:59.412Z] <<< [apiv2][status] GET https://firebase.googleapis.com/v1beta1/projects 200
[debug] [2025-04-02T02:43:59.412Z] <<< [apiv2][body] GET https://firebase.googleapis.com/v1beta1/projects [omitted]
[info] i  Using project donation-center-9576e (donation-center) 
[info] 
=== Dataconnect Setup
[debug] [2025-04-02T02:44:02.109Z] Checked if tokens are valid: true, expires at: 1743565046033
[debug] [2025-04-02T02:44:02.109Z] Checked if tokens are valid: true, expires at: 1743565046033
[debug] [2025-04-02T02:44:02.110Z] >>> [apiv2][query] GET https://cloudbilling.googleapis.com/v1/projects/donation-center-9576e/billingInfo [none]
[debug] [2025-04-02T02:44:02.745Z] <<< [apiv2][status] GET https://cloudbilling.googleapis.com/v1/projects/donation-center-9576e/billingInfo 200
[debug] [2025-04-02T02:44:02.745Z] <<< [apiv2][body] GET https://cloudbilling.googleapis.com/v1/projects/donation-center-9576e/billingInfo {"name":"projects/donation-center-9576e/billingInfo","projectId":"donation-center-9576e","billingAccountName":"","billingEnabled":false}
[info] i  dataconnect: ensuring required API sqladmin.googleapis.com is enabled... 
[debug] [2025-04-02T02:44:02.746Z] Checked if tokens are valid: true, expires at: 1743565046033
[debug] [2025-04-02T02:44:02.746Z] Checked if tokens are valid: true, expires at: 1743565046033
[debug] [2025-04-02T02:44:02.746Z] >>> [apiv2][query] GET https://serviceusage.googleapis.com/v1/projects/donation-center-9576e/services/sqladmin.googleapis.com [none]
[debug] [2025-04-02T02:44:02.746Z] >>> [apiv2][(partial)header] GET https://serviceusage.googleapis.com/v1/projects/donation-center-9576e/services/sqladmin.googleapis.com x-goog-quota-user=projects/donation-center-9576e
[debug] [2025-04-02T02:44:04.313Z] <<< [apiv2][status] GET https://serviceusage.googleapis.com/v1/projects/donation-center-9576e/services/sqladmin.googleapis.com 200
[debug] [2025-04-02T02:44:04.314Z] <<< [apiv2][body] GET https://serviceusage.googleapis.com/v1/projects/donation-center-9576e/services/sqladmin.googleapis.com [omitted]
[info] +  dataconnect: required API sqladmin.googleapis.com is enabled 
[info] i  dataconnect\dataconnect.yaml is unchanged 
[info] i  dataconnect\schema\schema.gql is unchanged 
[info] +  Wrote dataconnect\connector\connector.yaml 
[info] i  dataconnect\connector\queries.gql is unchanged 
[info] i  dataconnect\connector\mutations.gql is unchanged 
[info] +  Detected WEB app in directory C:\Users\User\OneDrive - kmutnb.ac.th\Documents\WebMirrorFoundation\donation-center 
[info] i  Detected react app. Enabling react generated SDKs. 
[info] i  Writing your new SDK configuration to C:\Users\User\OneDrive - kmutnb.ac.th\Documents\WebMirrorFoundation\donation-center\dataconnect\connector/connector.yaml 
[info] +  Wrote dataconnect\connector\connector.yaml 
[debug] [2025-04-02T02:44:12.596Z] defaultcredentials: writing to file C:\Users\User\AppData\Roaming\firebase\s6404062663215_email_kmutnb.ac.th_application_default_credentials.json
[debug] [2025-04-02T02:44:12.598Z] Setting GAC to C:\Users\User\AppData\Roaming\firebase\s6404062663215_email_kmutnb.ac.th_application_default_credentials.json {"metadata":{"emulator":{"name":"dataconnect"},"message":"Setting GAC to C:\\Users\\User\\AppData\\Roaming\\firebase\\s6404062663215_email_kmutnb.ac.th_application_default_credentials.json"}}
[info] I0402 09:44:12.648648   21860 codegen.go:82] [connector "default" javascriptSdk] Generating sources into "C:\\Users\\User\\OneDrive - kmutnb.ac.th\\Documents\\WebMirrorFoundation\\donation-center\\dataconnect-generated\\js\\default-connector"
I0402 09:44:12.654669   21860 generate.go:40] Generated all sources. Writing them to disk...
I0402 09:44:12.658974   21860 collector.go:107] connector "default" javascriptSdk wrote into "C:\\Users\\User\\OneDrive - kmutnb.ac.th\\Documents\\WebMirrorFoundation\\donation-center\\dataconnect-generated\\js\\default-connector"
Generated sources: package.json [1110B] react\package.json [468B] react\README.md [5417B] angular\index.d.ts [0B] esm\index.esm.js [118B] react\index.cjs.js [0B] react\esm\index.esm.js [0B] angular\index.cjs.js [1B] angular\esm\index.esm.js [0B] esm\package.json [17B] README.md [2774B] react\index.d.ts [228B] react\esm\package.json [17B] angular\esm\package.json [17B] index.d.ts [246B] angular\package.json [661B] index.cjs.js [153B] 
I0402 09:44:12.676625   21860 installsdk.go:80] Running command: C:\Program Files\nodejs\npm.cmd install file:dataconnect-generated\js\default-connector

[info] i  Generated SDK code for default 
[info] i  Visit https://firebase.google.com/docs/data-connect/web-sdk#react for more information on how to set up React Generated SDKs for Firebase Data Connect 
[info] i  Run `npm i --save @angular/fire @tanstack-query-firebase/angular @tanstack/angular-query-experimental` to install angular sdk dependencies.
Visit https://github.com/invertase/tanstack-query-firebase/tree/main/packages/angular for more information on how to set up Angular Generated SDKs for Firebase Data Connect 
[info] +  If you'd like to add more generated SDKs to your app your later, run firebase init dataconnect:sdk again 
[info] i  If you'd like to provision a CloudSQL Postgres instance on the Firebase Data Connect no-cost trial:
1. Please upgrade to the pay-as-you-go (Blaze) billing plan. Visit the following page:
     https://console.firebase.google.com/project/donation-center-9576e/usage/details
2. Run firebase init dataconnect again to configure the Cloud SQL instance.
3. Run firebase deploy --only dataconnect to deploy your Data Connect service. 
[info] 
=== Firestore Setup
[debug] [2025-04-02T02:44:16.463Z] Checked if tokens are valid: true, expires at: 1743565046033
[debug] [2025-04-02T02:44:16.463Z] Checked if tokens are valid: true, expires at: 1743565046033
[debug] [2025-04-02T02:44:16.463Z] >>> [apiv2][query] GET https://serviceusage.googleapis.com/v1/projects/donation-center-9576e/services/firestore.googleapis.com [none]
[debug] [2025-04-02T02:44:16.463Z] >>> [apiv2][(partial)header] GET https://serviceusage.googleapis.com/v1/projects/donation-center-9576e/services/firestore.googleapis.com x-goog-quota-user=projects/donation-center-9576e
